{"level":"error","message":"500 Error at D:\\00_SOKRATE-DOCS\\02-PROJECTS\\000-BabylonDoc\\v3\\git\\views\\class\\class.jade - { [Error: D:\\00_SOKRATE-DOCS\\02-PROJECTS\\000-BabylonDoc\\v3\\git\\views\\class\\class.jade:31\n    29|         //        span.classTag= tag\r\n    30|         //#classMd!= content\r\n  > 31| \r\n    32| include ../includes/footer\r\n    33| \r\n    34| //script(src=\"/js/classes.js\")\n\nunexpected token \"pipeless-text\"]\n  path: \u001b[32m'D:\\\\00_SOKRATE-DOCS\\\\02-PROJECTS\\\\000-BabylonDoc\\\\v3\\\\git\\\\views\\\\class\\\\class.jade'\u001b[39m }","timestamp":"2015-07-07T11:14:31.280Z"}
{"level":"error","message":"500 Error at D:\\00_SOKRATE-DOCS\\02-PROJECTS\\000-BabylonDoc\\v3\\git\\views\\class\\class.jade - { [Error: D:\\00_SOKRATE-DOCS\\02-PROJECTS\\000-BabylonDoc\\v3\\git\\views\\class\\class.jade:31\n    29|         //        span.classTag= tag\r\n    30|         //#classMd!= content\r\n  > 31| \r\n    32| include ../includes/footer\r\n    33| \r\n    34| //script(src=\"/js/classes.js\")\n\nunexpected token \"pipeless-text\"]\n  path: \u001b[32m'D:\\\\00_SOKRATE-DOCS\\\\02-PROJECTS\\\\000-BabylonDoc\\\\v3\\\\git\\\\views\\\\class\\\\class.jade'\u001b[39m }","timestamp":"2015-07-07T11:14:33.847Z"}
{"level":"error","message":"500 Error at D:\\00_SOKRATE-DOCS\\02-PROJECTS\\000-BabylonDoc\\v3\\git\\views\\class\\class.jade - { [Error: D:\\00_SOKRATE-DOCS\\02-PROJECTS\\000-BabylonDoc\\v3\\git\\views\\class\\class.jade:31\n    29|         //        span.classTag= tag\r\n    30|         //#classMd!= content\r\n  > 31| \r\n    32| include ../includes/footer\r\n    33| \r\n    34| //script(src=\"/js/classes.js\")\n\nunexpected token \"pipeless-text\"]\n  path: \u001b[32m'D:\\\\00_SOKRATE-DOCS\\\\02-PROJECTS\\\\000-BabylonDoc\\\\v3\\\\git\\\\views\\\\class\\\\class.jade'\u001b[39m }","timestamp":"2015-07-07T11:15:18.031Z"}
{"level":"error","message":"500 Error at D:\\00_SOKRATE-DOCS\\02-PROJECTS\\000-BabylonDoc\\v3\\git\\views\\class\\class.jade - { [Error: D:\\00_SOKRATE-DOCS\\02-PROJECTS\\000-BabylonDoc\\v3\\git\\views\\class\\class.jade:31\n    29|         //        span.classTag= tag\r\n    30|         //#classMd!= content\r\n  > 31| \r\n    32| include ../includes/footer\r\n    33| \r\n    34| //script(src=\"/js/classes.js\")\n\nunexpected token \"pipeless-text\"]\n  path: \u001b[32m'D:\\\\00_SOKRATE-DOCS\\\\02-PROJECTS\\\\000-BabylonDoc\\\\v3\\\\git\\\\views\\\\class\\\\class.jade'\u001b[39m }","timestamp":"2015-07-07T11:15:18.896Z"}
{"level":"error","message":"500 Error at D:\\00_SOKRATE-DOCS\\02-PROJECTS\\000-BabylonDoc\\v3\\git\\views\\class\\class.jade - { [Error: D:\\00_SOKRATE-DOCS\\02-PROJECTS\\000-BabylonDoc\\v3\\git\\views\\class\\class.jade:30\n    28|         //    each tag in classTags\r\n    29|         //        span.classTag= tag\r\n  > 30|         //#classMd!= content\r\n    31| include ../includes/footer\r\n    32| //script(src=\"/js/classes.js\")\n\nunexpected token \"pipeless-text\"]\n  path: \u001b[32m'D:\\\\00_SOKRATE-DOCS\\\\02-PROJECTS\\\\000-BabylonDoc\\\\v3\\\\git\\\\views\\\\class\\\\class.jade'\u001b[39m }","timestamp":"2015-07-07T11:16:11.080Z"}
{"level":"error","message":"Forward failed. Requested page ID: 6679","timestamp":"2015-07-07T11:23:02.629Z"}
{"level":"error","message":"Forward failed. Requested page ID: 6663","timestamp":"2015-07-07T13:24:28.331Z"}
{"level":"error","message":"404 Error -  /fonts/fontawesome-webfont.woff2","timestamp":"2015-07-07T13:46:28.725Z"}
{"level":"error","message":"404 Error -  /fonts/fontawesome-webfont.woff","timestamp":"2015-07-07T13:46:28.898Z"}
{"level":"error","message":"404 Error -  /fonts/fontawesome-webfont.ttf","timestamp":"2015-07-07T13:46:28.929Z"}
{"level":"error","message":"404 Error -  /fonts/fontawesome-webfont.woff2","timestamp":"2015-07-07T13:47:26.357Z"}
{"level":"error","message":"404 Error -  /fonts/fontawesome-webfont.woff","timestamp":"2015-07-07T13:47:26.553Z"}
{"level":"error","message":"404 Error -  /fonts/fontawesome-webfont.ttf","timestamp":"2015-07-07T13:47:26.570Z"}
{"level":"error","message":"404 Error -  /fonts/fontawesome-webfont.woff2","timestamp":"2015-07-07T13:47:45.224Z"}
{"level":"error","message":"404 Error -  /fonts/fontawesome-webfont.woff","timestamp":"2015-07-07T13:47:45.257Z"}
{"level":"error","message":"404 Error -  /fonts/fontawesome-webfont.ttf","timestamp":"2015-07-07T13:47:45.285Z"}
{"level":"error","message":"404 Error -  /fonts/fontawesome-webfont.woff2","timestamp":"2015-07-07T13:48:03.037Z"}
{"level":"error","message":"404 Error -  /fonts/fontawesome-webfont.woff","timestamp":"2015-07-07T13:48:04.255Z"}
{"level":"error","message":"404 Error -  /fonts/fontawesome-webfont.ttf","timestamp":"2015-07-07T13:48:04.270Z"}
{"level":"error","message":"404 Error -  /fonts/fontawesome-webfont.woff2","timestamp":"2015-07-07T13:48:17.299Z"}
{"level":"error","message":"404 Error -  /fonts/fontawesome-webfont.woff","timestamp":"2015-07-07T13:48:17.353Z"}
{"level":"error","message":"404 Error -  /fonts/fontawesome-webfont.ttf","timestamp":"2015-07-07T13:48:17.386Z"}
{"level":"error","message":"404 Error -  /fonts/fontawesome-webfont.woff2","timestamp":"2015-07-07T13:48:20.861Z"}
{"level":"error","message":"404 Error -  /fonts/fontawesome-webfont.woff","timestamp":"2015-07-07T13:48:20.897Z"}
{"level":"error","message":"404 Error -  /fonts/fontawesome-webfont.ttf","timestamp":"2015-07-07T13:48:20.925Z"}
{"level":"error","message":"404 Error -  /fonts/fontawesome-webfont.woff2","timestamp":"2015-07-07T13:48:39.452Z"}
{"level":"error","message":"404 Error -  /fonts/fontawesome-webfont.woff","timestamp":"2015-07-07T13:48:39.485Z"}
{"level":"error","message":"404 Error -  /fonts/fontawesome-webfont.ttf","timestamp":"2015-07-07T13:48:39.521Z"}
{"level":"error","message":"404 Error -  /fonts/fontawesome-webfont.woff2","timestamp":"2015-07-07T13:48:44.445Z"}
{"level":"error","message":"404 Error -  /fonts/fontawesome-webfont.woff","timestamp":"2015-07-07T13:48:44.664Z"}
{"level":"error","message":"404 Error -  /fonts/fontawesome-webfont.ttf","timestamp":"2015-07-07T13:48:44.732Z"}
{"level":"error","message":"404 Error -  /fonts/fontawesome-webfont.woff2","timestamp":"2015-07-07T13:48:56.322Z"}
{"level":"error","message":"404 Error -  /fonts/fontawesome-webfont.woff","timestamp":"2015-07-07T13:48:56.355Z"}
{"level":"error","message":"404 Error -  /fonts/fontawesome-webfont.ttf","timestamp":"2015-07-07T13:48:56.383Z"}
{"level":"error","message":"404 Error -  /fonts/fontawesome-webfont.woff2","timestamp":"2015-07-07T13:49:31.190Z"}
{"level":"error","message":"404 Error -  /fonts/fontawesome-webfont.woff","timestamp":"2015-07-07T13:49:31.414Z"}
{"level":"error","message":"404 Error -  /fonts/fontawesome-webfont.ttf","timestamp":"2015-07-07T13:49:31.499Z"}
{"level":"error","message":"404 Error -  /fonts/fontawesome-webfont.woff2","timestamp":"2015-07-07T13:50:49.024Z"}
{"level":"error","message":"404 Error -  /fonts/fontawesome-webfont.woff","timestamp":"2015-07-07T13:50:49.348Z"}
{"level":"error","message":"404 Error -  /fonts/fontawesome-webfont.ttf","timestamp":"2015-07-07T13:50:49.365Z"}
{"level":"error","message":"404 Error -  /fonts/fontawesome-webfont.woff2","timestamp":"2015-07-07T13:50:54.876Z"}
{"level":"error","message":"404 Error -  /fonts/fontawesome-webfont.woff","timestamp":"2015-07-07T13:50:54.905Z"}
{"level":"error","message":"404 Error -  /fonts/fontawesome-webfont.ttf","timestamp":"2015-07-07T13:50:54.927Z"}
{"level":"error","message":"404 Error -  /fonts/fontawesome-webfont.woff2","timestamp":"2015-07-07T13:52:10.735Z"}
{"level":"error","message":"404 Error -  /fonts/fontawesome-webfont.woff","timestamp":"2015-07-07T13:52:10.762Z"}
{"level":"error","message":"404 Error -  /fonts/fontawesome-webfont.ttf","timestamp":"2015-07-07T13:52:10.792Z"}
{"level":"error","message":"404 Error -  /fonts/fontawesome-webfont.woff2","timestamp":"2015-07-07T13:52:41.705Z"}
{"level":"error","message":"404 Error -  /fonts/fontawesome-webfont.woff","timestamp":"2015-07-07T13:52:41.745Z"}
{"level":"error","message":"404 Error -  /fonts/fontawesome-webfont.ttf","timestamp":"2015-07-07T13:52:41.778Z"}
{"level":"error","message":"404 Error -  /fonts/fontawesome-webfont.woff2","timestamp":"2015-07-07T13:52:42.904Z"}
{"level":"error","message":"404 Error -  /fonts/fontawesome-webfont.woff","timestamp":"2015-07-07T13:52:42.941Z"}
{"level":"error","message":"404 Error -  /fonts/fontawesome-webfont.ttf","timestamp":"2015-07-07T13:52:42.985Z"}
{"level":"error","message":"404 Error -  /fonts/fontawesome-webfont.woff2","timestamp":"2015-07-07T13:52:44.075Z"}
{"level":"error","message":"404 Error -  /fonts/fontawesome-webfont.woff","timestamp":"2015-07-07T13:52:44.108Z"}
{"level":"error","message":"404 Error -  /fonts/fontawesome-webfont.ttf","timestamp":"2015-07-07T13:52:44.135Z"}
{"level":"error","message":"404 Error -  /fonts/fontawesome-webfont.woff2","timestamp":"2015-07-07T13:52:56.182Z"}
{"level":"error","message":"404 Error -  /fonts/fontawesome-webfont.woff","timestamp":"2015-07-07T13:52:56.211Z"}
{"level":"error","message":"404 Error -  /fonts/fontawesome-webfont.ttf","timestamp":"2015-07-07T13:52:56.237Z"}
{"level":"error","message":"404 Error -  /fonts/fontawesome-webfont.woff2","timestamp":"2015-07-07T13:53:54.828Z"}
{"level":"error","message":"404 Error -  /fonts/fontawesome-webfont.woff","timestamp":"2015-07-07T13:53:54.860Z"}
{"level":"error","message":"404 Error -  /fonts/fontawesome-webfont.ttf","timestamp":"2015-07-07T13:53:54.889Z"}
{"level":"error","message":"404 Error -  /fonts/fontawesome-webfont.woff2","timestamp":"2015-07-07T13:54:24.354Z"}
{"level":"error","message":"404 Error -  /fonts/fontawesome-webfont.woff","timestamp":"2015-07-07T13:54:24.387Z"}
{"level":"error","message":"404 Error -  /fonts/fontawesome-webfont.ttf","timestamp":"2015-07-07T13:54:24.415Z"}
{"level":"error","message":"404 Error -  /fonts/fontawesome-webfont.woff2","timestamp":"2015-07-07T13:54:25.573Z"}
{"level":"error","message":"404 Error -  /fonts/fontawesome-webfont.woff","timestamp":"2015-07-07T13:54:25.615Z"}
{"level":"error","message":"404 Error -  /fonts/fontawesome-webfont.ttf","timestamp":"2015-07-07T13:54:25.650Z"}
{"level":"error","message":"404 Error -  /fonts/fontawesome-webfont.woff2","timestamp":"2015-07-07T13:54:26.691Z"}
{"level":"error","message":"404 Error -  /fonts/fontawesome-webfont.woff","timestamp":"2015-07-07T13:54:26.737Z"}
{"level":"error","message":"404 Error -  /fonts/fontawesome-webfont.ttf","timestamp":"2015-07-07T13:54:26.766Z"}
{"level":"error","message":"404 Error -  /fonts/fontawesome-webfont.woff2","timestamp":"2015-07-07T13:54:28.123Z"}
{"level":"error","message":"404 Error -  /fonts/fontawesome-webfont.woff","timestamp":"2015-07-07T13:54:28.149Z"}
{"level":"error","message":"404 Error -  /fonts/fontawesome-webfont.ttf","timestamp":"2015-07-07T13:54:28.197Z"}
{"level":"error","message":"404 Error -  /fonts/fontawesome-webfont.woff2","timestamp":"2015-07-07T13:54:52.639Z"}
{"level":"error","message":"404 Error -  /fonts/fontawesome-webfont.woff","timestamp":"2015-07-07T13:54:52.671Z"}
{"level":"error","message":"404 Error -  /fonts/fontawesome-webfont.ttf","timestamp":"2015-07-07T13:54:52.705Z"}
{"level":"error","message":"404 Error -  /fonts/fontawesome-webfont.woff2","timestamp":"2015-07-07T13:54:54.336Z"}
{"level":"error","message":"404 Error -  /fonts/fontawesome-webfont.woff","timestamp":"2015-07-07T13:54:54.368Z"}
{"level":"error","message":"404 Error -  /fonts/fontawesome-webfont.ttf","timestamp":"2015-07-07T13:54:54.401Z"}
{"level":"error","message":"404 Error -  /fonts/fontawesome-webfont.woff2","timestamp":"2015-07-07T13:55:25.412Z"}
{"level":"error","message":"404 Error -  /fonts/fontawesome-webfont.woff","timestamp":"2015-07-07T13:55:25.444Z"}
{"level":"error","message":"404 Error -  /fonts/fontawesome-webfont.ttf","timestamp":"2015-07-07T13:55:25.453Z"}
{"level":"error","message":"404 Error -  /fonts/fontawesome-webfont.woff2","timestamp":"2015-07-07T13:56:15.781Z"}
{"level":"error","message":"404 Error -  /fonts/fontawesome-webfont.woff","timestamp":"2015-07-07T13:56:16.001Z"}
{"level":"error","message":"404 Error -  /fonts/fontawesome-webfont.ttf","timestamp":"2015-07-07T13:56:16.111Z"}
{"level":"error","message":"404 Error -  /fonts/fontawesome-webfont.woff2","timestamp":"2015-07-07T13:57:00.369Z"}
{"level":"error","message":"404 Error -  /fonts/fontawesome-webfont.woff","timestamp":"2015-07-07T13:57:00.398Z"}
{"level":"error","message":"404 Error -  /fonts/fontawesome-webfont.ttf","timestamp":"2015-07-07T13:57:00.427Z"}
{"level":"error","message":"404 Error -  /fonts/fontawesome-webfont.woff2","timestamp":"2015-07-07T13:57:42.953Z"}
{"level":"error","message":"404 Error -  /fonts/fontawesome-webfont.woff","timestamp":"2015-07-07T13:57:43.185Z"}
{"level":"error","message":"404 Error -  /fonts/fontawesome-webfont.ttf","timestamp":"2015-07-07T13:57:43.292Z"}
{"level":"error","message":"404 Error -  /fonts/fontawesome-webfont.woff2","timestamp":"2015-07-07T13:58:00.563Z"}
{"level":"error","message":"404 Error -  /fonts/fontawesome-webfont.woff","timestamp":"2015-07-07T13:58:00.630Z"}
{"level":"error","message":"404 Error -  /fonts/fontawesome-webfont.ttf","timestamp":"2015-07-07T13:58:00.658Z"}
{"level":"error","message":"404 Error -  /fonts/fontawesome-webfont.woff2","timestamp":"2015-07-07T13:58:03.843Z"}
{"level":"error","message":"404 Error -  /fonts/fontawesome-webfont.woff","timestamp":"2015-07-07T13:58:03.881Z"}
{"level":"error","message":"404 Error -  /fonts/fontawesome-webfont.ttf","timestamp":"2015-07-07T13:58:03.902Z"}
{"level":"error","message":"404 Error -  /fonts/fontawesome-webfont.woff2","timestamp":"2015-07-07T13:59:19.756Z"}
{"level":"error","message":"404 Error -  /fonts/fontawesome-webfont.woff","timestamp":"2015-07-07T13:59:19.792Z"}
{"level":"error","message":"404 Error -  /fonts/fontawesome-webfont.ttf","timestamp":"2015-07-07T13:59:19.821Z"}
{"level":"error","message":"404 Error -  /fonts/fontawesome-webfont.woff2","timestamp":"2015-07-07T14:00:36.898Z"}
{"level":"error","message":"404 Error -  /fonts/fontawesome-webfont.woff","timestamp":"2015-07-07T14:00:36.932Z"}
{"level":"error","message":"404 Error -  /fonts/fontawesome-webfont.ttf","timestamp":"2015-07-07T14:00:36.944Z"}
{"level":"error","message":"404 Error -  /fonts/fontawesome-webfont.woff2","timestamp":"2015-07-07T14:00:47.936Z"}
{"level":"error","message":"404 Error -  /fonts/fontawesome-webfont.woff","timestamp":"2015-07-07T14:00:48.248Z"}
{"level":"error","message":"404 Error -  /fonts/fontawesome-webfont.ttf","timestamp":"2015-07-07T14:00:48.266Z"}
{"level":"error","message":"404 Error -  /fonts/fontawesome-webfont.woff2","timestamp":"2015-07-07T14:00:59.630Z"}
{"level":"error","message":"404 Error -  /fonts/fontawesome-webfont.woff","timestamp":"2015-07-07T14:00:59.656Z"}
{"level":"error","message":"404 Error -  /fonts/fontawesome-webfont.ttf","timestamp":"2015-07-07T14:00:59.671Z"}
{"level":"error","message":"404 Error -  /fonts/fontawesome-webfont.woff2","timestamp":"2015-07-07T14:01:24.601Z"}
{"level":"error","message":"404 Error -  /fonts/fontawesome-webfont.woff","timestamp":"2015-07-07T14:01:24.658Z"}
{"level":"error","message":"404 Error -  /fonts/fontawesome-webfont.ttf","timestamp":"2015-07-07T14:01:24.704Z"}
{"level":"error","message":"404 Error -  /fonts/fontawesome-webfont.woff2","timestamp":"2015-07-07T14:02:02.230Z"}
{"level":"error","message":"404 Error -  /fonts/fontawesome-webfont.woff","timestamp":"2015-07-07T14:02:02.260Z"}
{"level":"error","message":"404 Error -  /fonts/fontawesome-webfont.ttf","timestamp":"2015-07-07T14:02:02.271Z"}
{"level":"error","message":"404 Error -  /fonts/fontawesome-webfont.woff2","timestamp":"2015-07-07T14:02:31.041Z"}
{"level":"error","message":"404 Error -  /fonts/fontawesome-webfont.woff","timestamp":"2015-07-07T14:02:31.261Z"}
{"level":"error","message":"404 Error -  /fonts/fontawesome-webfont.ttf","timestamp":"2015-07-07T14:02:31.286Z"}
{"level":"error","message":"404 Error -  /fonts/fontawesome-webfont.woff2","timestamp":"2015-07-07T14:03:00.284Z"}
{"level":"error","message":"404 Error -  /fonts/fontawesome-webfont.woff","timestamp":"2015-07-07T14:03:00.452Z"}
{"level":"error","message":"404 Error -  /fonts/fontawesome-webfont.ttf","timestamp":"2015-07-07T14:03:00.480Z"}
{"level":"error","message":"404 Error -  /fonts/fontawesome-webfont.woff2","timestamp":"2015-07-07T14:03:46.948Z"}
{"level":"error","message":"404 Error -  /fonts/fontawesome-webfont.woff","timestamp":"2015-07-07T14:03:47.137Z"}
{"level":"error","message":"404 Error -  /fonts/fontawesome-webfont.ttf","timestamp":"2015-07-07T14:03:47.160Z"}
{"level":"error","message":"404 Error -  /fonts/fontawesome-webfont.woff2","timestamp":"2015-07-07T14:04:03.307Z"}
{"level":"error","message":"404 Error -  /fonts/fontawesome-webfont.woff","timestamp":"2015-07-07T14:04:03.506Z"}
{"level":"error","message":"404 Error -  /fonts/fontawesome-webfont.ttf","timestamp":"2015-07-07T14:04:03.522Z"}
{"level":"error","message":"404 Error -  /fonts/fontawesome-webfont.woff2","timestamp":"2015-07-07T14:04:04.779Z"}
{"level":"error","message":"404 Error -  /fonts/fontawesome-webfont.woff","timestamp":"2015-07-07T14:04:04.801Z"}
{"level":"error","message":"404 Error -  /fonts/fontawesome-webfont.ttf","timestamp":"2015-07-07T14:04:04.820Z"}
{"level":"error","message":"404 Error -  /fonts/fontawesome-webfont.woff2","timestamp":"2015-07-07T14:04:18.798Z"}
{"level":"error","message":"404 Error -  /fonts/fontawesome-webfont.woff","timestamp":"2015-07-07T14:04:18.832Z"}
{"level":"error","message":"404 Error -  /fonts/fontawesome-webfont.ttf","timestamp":"2015-07-07T14:04:18.853Z"}
{"level":"error","message":"404 Error -  /fonts/fontawesome-webfont.woff2","timestamp":"2015-07-07T14:04:42.012Z"}
{"level":"error","message":"404 Error -  /fonts/fontawesome-webfont.woff","timestamp":"2015-07-07T14:04:42.041Z"}
{"level":"error","message":"404 Error -  /fonts/fontawesome-webfont.ttf","timestamp":"2015-07-07T14:04:42.081Z"}
{"level":"error","message":"404 Error -  /fonts/fontawesome-webfont.woff2","timestamp":"2015-07-07T14:06:12.989Z"}
{"level":"error","message":"404 Error -  /fonts/fontawesome-webfont.woff","timestamp":"2015-07-07T14:06:13.165Z"}
{"level":"error","message":"404 Error -  /fonts/fontawesome-webfont.ttf","timestamp":"2015-07-07T14:06:13.180Z"}
{"level":"error","message":"404 Error -  /fonts/fontawesome-webfont.woff2","timestamp":"2015-07-07T14:11:02.531Z"}
{"level":"error","message":"404 Error -  /fonts/fontawesome-webfont.woff","timestamp":"2015-07-07T14:11:02.566Z"}
{"level":"error","message":"404 Error -  /fonts/fontawesome-webfont.ttf","timestamp":"2015-07-07T14:11:02.576Z"}
{"level":"error","message":"404 Error -  /fonts/fontawesome-webfont.woff2","timestamp":"2015-07-07T14:11:03.839Z"}
{"level":"error","message":"404 Error -  /fonts/fontawesome-webfont.woff","timestamp":"2015-07-07T14:11:03.862Z"}
{"level":"error","message":"404 Error -  /fonts/fontawesome-webfont.ttf","timestamp":"2015-07-07T14:11:03.899Z"}
{"level":"error","message":"404 Error -  /fonts/fontawesome-webfont.woff2","timestamp":"2015-07-07T14:11:04.701Z"}
{"level":"error","message":"404 Error -  /fonts/fontawesome-webfont.woff","timestamp":"2015-07-07T14:11:04.724Z"}
{"level":"error","message":"404 Error -  /fonts/fontawesome-webfont.ttf","timestamp":"2015-07-07T14:11:04.748Z"}
{"level":"error","message":"404 Error -  /fonts/fontawesome-webfont.woff2","timestamp":"2015-07-07T14:11:05.420Z"}
{"level":"error","message":"404 Error -  /fonts/fontawesome-webfont.woff","timestamp":"2015-07-07T14:11:05.460Z"}
{"level":"error","message":"404 Error -  /fonts/fontawesome-webfont.ttf","timestamp":"2015-07-07T14:11:05.484Z"}
{"level":"error","message":"404 Error -  /fonts/fontawesome-webfont.woff2","timestamp":"2015-07-07T14:11:35.190Z"}
{"level":"error","message":"404 Error -  /fonts/fontawesome-webfont.woff","timestamp":"2015-07-07T14:11:35.218Z"}
{"level":"error","message":"404 Error -  /fonts/fontawesome-webfont.ttf","timestamp":"2015-07-07T14:11:35.252Z"}
{"level":"error","message":"404 Error -  /fonts/fontawesome-webfont.woff2","timestamp":"2015-07-07T14:11:36.044Z"}
{"level":"error","message":"404 Error -  /fonts/fontawesome-webfont.woff","timestamp":"2015-07-07T14:11:36.082Z"}
{"level":"error","message":"404 Error -  /fonts/fontawesome-webfont.ttf","timestamp":"2015-07-07T14:11:36.102Z"}
{"level":"error","message":"404 Error -  /fonts/fontawesome-webfont.woff2","timestamp":"2015-07-07T14:11:36.659Z"}
{"level":"error","message":"404 Error -  /fonts/fontawesome-webfont.woff","timestamp":"2015-07-07T14:11:36.688Z"}
{"level":"error","message":"404 Error -  /fonts/fontawesome-webfont.ttf","timestamp":"2015-07-07T14:11:36.711Z"}
{"level":"error","message":"404 Error -  /fonts/fontawesome-webfont.woff2","timestamp":"2015-07-07T14:11:37.288Z"}
{"level":"error","message":"404 Error -  /fonts/fontawesome-webfont.woff","timestamp":"2015-07-07T14:11:37.320Z"}
{"level":"error","message":"404 Error -  /fonts/fontawesome-webfont.ttf","timestamp":"2015-07-07T14:11:37.331Z"}
{"level":"error","message":"404 Error -  /fonts/fontawesome-webfont.eot","timestamp":"2015-07-07T14:11:58.444Z"}
{"level":"error","message":"404 Error -  /fonts/fontawesome-webfont.woff","timestamp":"2015-07-07T14:11:58.604Z"}
{"level":"error","message":"404 Error -  /fonts/fontawesome-webfont.ttf","timestamp":"2015-07-07T14:11:58.611Z"}
{"level":"error","message":"404 Error -  /fonts/fontawesome-webfont.woff2","timestamp":"2015-07-07T14:19:01.653Z"}
{"level":"error","message":"404 Error -  /fonts/fontawesome-webfont.woff","timestamp":"2015-07-07T14:19:01.689Z"}
{"level":"error","message":"404 Error -  /fonts/fontawesome-webfont.ttf","timestamp":"2015-07-07T14:19:01.708Z"}
{"level":"error","message":"404 Error -  /fonts/fontawesome-webfont.woff2","timestamp":"2015-07-07T14:19:03.356Z"}
{"level":"error","message":"404 Error -  /fonts/fontawesome-webfont.woff","timestamp":"2015-07-07T14:19:03.403Z"}
{"level":"error","message":"404 Error -  /fonts/fontawesome-webfont.ttf","timestamp":"2015-07-07T14:19:03.416Z"}
{"level":"error","message":"404 Error -  /fonts/fontawesome-webfont.woff2","timestamp":"2015-07-07T14:19:05.133Z"}
{"level":"error","message":"404 Error -  /fonts/fontawesome-webfont.woff","timestamp":"2015-07-07T14:19:05.174Z"}
{"level":"error","message":"404 Error -  /fonts/fontawesome-webfont.ttf","timestamp":"2015-07-07T14:19:05.191Z"}
{"level":"error","message":"404 Error -  /fonts/fontawesome-webfont.woff2","timestamp":"2015-07-07T14:19:06.333Z"}
{"level":"error","message":"404 Error -  /fonts/fontawesome-webfont.woff","timestamp":"2015-07-07T14:19:06.363Z"}
{"level":"error","message":"404 Error -  /fonts/fontawesome-webfont.ttf","timestamp":"2015-07-07T14:19:06.378Z"}
{"level":"error","message":"404 Error -  /fonts/fontawesome-webfont.woff2","timestamp":"2015-07-07T14:22:06.491Z"}
{"level":"error","message":"404 Error -  /fonts/fontawesome-webfont.woff","timestamp":"2015-07-07T14:22:06.512Z"}
{"level":"error","message":"404 Error -  /fonts/fontawesome-webfont.ttf","timestamp":"2015-07-07T14:22:06.518Z"}
{"level":"error","message":"404 Error -  /fonts/fontawesome-webfont.woff2","timestamp":"2015-07-07T14:22:12.901Z"}
{"level":"error","message":"404 Error -  /fonts/fontawesome-webfont.woff","timestamp":"2015-07-07T14:22:12.971Z"}
{"level":"error","message":"404 Error -  /fonts/fontawesome-webfont.ttf","timestamp":"2015-07-07T14:22:12.990Z"}
{"level":"error","message":"404 Error -  /fonts/fontawesome-webfont.woff2","timestamp":"2015-07-07T14:22:34.662Z"}
{"level":"error","message":"404 Error -  /fonts/fontawesome-webfont.woff","timestamp":"2015-07-07T14:22:34.761Z"}
{"level":"error","message":"404 Error -  /fonts/fontawesome-webfont.ttf","timestamp":"2015-07-07T14:22:34.781Z"}
{"level":"error","message":"404 Error -  /fonts/fontawesome-webfont.woff2","timestamp":"2015-07-07T14:23:22.943Z"}
{"level":"error","message":"404 Error -  /fonts/fontawesome-webfont.woff","timestamp":"2015-07-07T14:23:22.982Z"}
{"level":"error","message":"404 Error -  /fonts/fontawesome-webfont.ttf","timestamp":"2015-07-07T14:23:23.015Z"}
{"level":"error","message":"404 Error -  /fonts/fontawesome-webfont.woff2","timestamp":"2015-07-07T14:36:44.973Z"}
{"level":"error","message":"404 Error -  /fonts/fontawesome-webfont.woff","timestamp":"2015-07-07T14:36:45.004Z"}
{"level":"error","message":"404 Error -  /fonts/fontawesome-webfont.ttf","timestamp":"2015-07-07T14:36:45.035Z"}
{"level":"error","message":"404 Error -  /fonts/fontawesome-webfont.woff2","timestamp":"2015-07-07T14:37:18.080Z"}
{"level":"error","message":"404 Error -  /fonts/fontawesome-webfont.woff","timestamp":"2015-07-07T14:37:18.109Z"}
{"level":"error","message":"404 Error -  /fonts/fontawesome-webfont.ttf","timestamp":"2015-07-07T14:37:18.134Z"}
{"level":"error","message":"404 Error -  /fonts/fontawesome-webfont.woff2","timestamp":"2015-07-07T14:37:41.785Z"}
{"level":"error","message":"404 Error -  /fonts/fontawesome-webfont.woff","timestamp":"2015-07-07T14:37:41.816Z"}
{"level":"error","message":"404 Error -  /fonts/fontawesome-webfont.ttf","timestamp":"2015-07-07T14:37:41.840Z"}
{"level":"error","message":"404 Error -  /fonts/fontawesome-webfont.woff2","timestamp":"2015-07-07T14:37:43.046Z"}
{"level":"error","message":"404 Error -  /fonts/fontawesome-webfont.woff","timestamp":"2015-07-07T14:37:43.085Z"}
{"level":"error","message":"404 Error -  /fonts/fontawesome-webfont.ttf","timestamp":"2015-07-07T14:37:43.103Z"}
{"level":"error","message":"404 Error -  /fonts/fontawesome-webfont.woff2","timestamp":"2015-07-07T14:37:44.511Z"}
{"level":"error","message":"404 Error -  /fonts/fontawesome-webfont.woff","timestamp":"2015-07-07T14:37:44.539Z"}
{"level":"error","message":"404 Error -  /fonts/fontawesome-webfont.ttf","timestamp":"2015-07-07T14:37:44.561Z"}
{"level":"error","message":"404 Error -  /fonts/fontawesome-webfont.woff2","timestamp":"2015-07-07T14:37:46.454Z"}
{"level":"error","message":"404 Error -  /fonts/fontawesome-webfont.woff","timestamp":"2015-07-07T14:37:46.489Z"}
{"level":"error","message":"404 Error -  /fonts/fontawesome-webfont.ttf","timestamp":"2015-07-07T14:37:46.511Z"}
{"level":"error","message":"404 Error -  /fonts/fontawesome-webfont.ttf","timestamp":"2015-07-07T14:38:09.046Z"}
{"level":"error","message":"404 Error -  /fonts/fontawesome-webfont.woff2","timestamp":"2015-07-07T14:38:09.219Z"}
{"level":"error","message":"404 Error -  /fonts/fontawesome-webfont.woff","timestamp":"2015-07-07T14:38:09.339Z"}
{"level":"error","message":"404 Error -  /fonts/fontawesome-webfont.ttf","timestamp":"2015-07-07T14:38:09.346Z"}
{"level":"error","message":"404 Error -  /fonts/fontawesome-webfont.ttf","timestamp":"2015-07-07T14:38:15.725Z"}
{"level":"error","message":"404 Error -  /fonts/fontawesome-webfont.woff2","timestamp":"2015-07-07T14:38:16.000Z"}
{"level":"error","message":"404 Error -  /fonts/fontawesome-webfont.woff","timestamp":"2015-07-07T14:38:16.011Z"}
{"level":"error","message":"404 Error -  /fonts/fontawesome-webfont.ttf","timestamp":"2015-07-07T14:38:16.020Z"}
{"level":"error","message":"404 Error -  /js/classes.js","timestamp":"2015-07-07T14:46:45.028Z"}
{"level":"error","message":"404 Error -  /fonts/fontawesome-webfont.eot","timestamp":"2015-07-07T14:47:12.284Z"}
{"level":"error","message":"404 Error -  /fonts/fontawesome-webfont.woff","timestamp":"2015-07-07T14:47:12.458Z"}
{"level":"error","message":"404 Error -  /fonts/fontawesome-webfont.ttf","timestamp":"2015-07-07T14:47:12.464Z"}
{"level":"error","message":"404 Error -  /fonts/fontawesome-webfont.eot","timestamp":"2015-07-07T14:47:15.008Z"}
{"level":"error","message":"404 Error -  /fonts/fontawesome-webfont.woff","timestamp":"2015-07-07T14:47:15.092Z"}
{"level":"error","message":"404 Error -  /fonts/fontawesome-webfont.ttf","timestamp":"2015-07-07T14:47:15.097Z"}
{"level":"error","message":"404 Error -  /fonts/fontawesome-webfont.eot","timestamp":"2015-07-07T14:48:12.259Z"}
{"level":"error","message":"404 Error -  /fonts/fontawesome-webfont.woff","timestamp":"2015-07-07T14:48:12.466Z"}
{"level":"error","message":"404 Error -  /fonts/fontawesome-webfont.ttf","timestamp":"2015-07-07T14:48:12.472Z"}
{"level":"error","message":"404 Error -  /fonts/fontawesome-webfont.eot","timestamp":"2015-07-07T14:48:14.640Z"}
{"level":"error","message":"404 Error -  /fonts/fontawesome-webfont.woff","timestamp":"2015-07-07T14:48:14.725Z"}
{"level":"error","message":"404 Error -  /fonts/fontawesome-webfont.ttf","timestamp":"2015-07-07T14:48:14.730Z"}
{"level":"error","message":"404 Error -  /fonts/fontawesome-webfont.eot","timestamp":"2015-07-07T14:48:18.287Z"}
{"level":"error","message":"404 Error -  /fonts/fontawesome-webfont.woff","timestamp":"2015-07-07T14:48:18.346Z"}
{"level":"error","message":"404 Error -  /fonts/fontawesome-webfont.ttf","timestamp":"2015-07-07T14:48:18.363Z"}
{"level":"error","message":"404 Error -  /fonts/fontawesome-webfont.eot","timestamp":"2015-07-07T14:48:19.444Z"}
{"level":"error","message":"404 Error -  /fonts/fontawesome-webfont.woff","timestamp":"2015-07-07T14:48:19.510Z"}
{"level":"error","message":"404 Error -  /fonts/fontawesome-webfont.ttf","timestamp":"2015-07-07T14:48:19.527Z"}
{"level":"error","message":"404 Error -  /fonts/fontawesome-webfont.eot","timestamp":"2015-07-07T14:49:21.380Z"}
{"level":"error","message":"404 Error -  /fonts/fontawesome-webfont.woff","timestamp":"2015-07-07T14:49:21.439Z"}
{"level":"error","message":"404 Error -  /fonts/fontawesome-webfont.ttf","timestamp":"2015-07-07T14:49:21.457Z"}
{"level":"error","message":"404 Error -  /fonts/fontawesome-webfont.eot","timestamp":"2015-07-07T14:49:22.964Z"}
{"level":"error","message":"404 Error -  /fonts/fontawesome-webfont.woff","timestamp":"2015-07-07T14:49:23.529Z"}
{"level":"error","message":"404 Error -  /fonts/fontawesome-webfont.ttf","timestamp":"2015-07-07T14:49:23.537Z"}
{"level":"error","message":"404 Error -  /fonts/fontawesome-webfont.eot","timestamp":"2015-07-07T14:49:26.988Z"}
{"level":"error","message":"404 Error -  /fonts/fontawesome-webfont.woff","timestamp":"2015-07-07T14:49:27.059Z"}
{"level":"error","message":"404 Error -  /fonts/fontawesome-webfont.ttf","timestamp":"2015-07-07T14:49:27.077Z"}
{"level":"error","message":"404 Error -  /fonts/fontawesome-webfont.eot","timestamp":"2015-07-07T14:50:14.709Z"}
{"level":"error","message":"404 Error -  /fonts/fontawesome-webfont.woff","timestamp":"2015-07-07T14:50:14.861Z"}
{"level":"error","message":"404 Error -  /fonts/fontawesome-webfont.ttf","timestamp":"2015-07-07T14:50:14.871Z"}
